
Errors and Warnings while Loading Component : D:\xpi\49\runtime\magic xpa\Add_On\UserFunctionality\UserFunctionality.eci (23/01/20 11:20:18)
============================================================================================================================================
-----------------------------------

Errors and Warnings while Loading Component : D:\xpi\49\runtime\magic xpa\Add_On\UserFunctionality\UserFunctionality.eci (23/01/20 11:20:50)
============================================================================================================================================
-----------------------------------

Errors and Warnings while Loading Component : D:\xpi\49\runtime\magic xpa\Add_On\UserFunctionality\UserFunctionality.eci (23/01/20 12:13:14)
============================================================================================================================================
-----------------------------------

Errors and Warnings while Loading Component : D:\xpi\49\runtime\magic xpa\Add_On\UserFunctionality\UserFunctionality.eci (23/01/20 12:38:33)
============================================================================================================================================
-----------------------------------

Errors and Warnings while Loading Component : C:\Magic xpi 4.7\runtime\magic xpa\Add_On\UserFunctionality\UserFunctionality.eci (05/02/20 17:35:23)
===================================================================================================================================================
-----------------------------------

Errors and Warnings while Loading Component : C:\Magic xpi 4.7\runtime\magic xpa\Add_On\UserFunctionality\UserFunctionality.eci (05/02/20 17:37:26)
===================================================================================================================================================
-----------------------------------

Errors and Warnings while Loading Component : C:\Magic xpi 4.7\runtime\magic xpa\Add_On\UserFunctionality\UserFunctionality.eci (05/02/20 17:40:57)
===================================================================================================================================================
-----------------------------------

Errors and Warnings while Loading Component : C:\Magic xpi 4.7\runtime\magic xpa\Add_On\UserFunctionality\UserFunctionality.eci (05/02/20 17:44:43)
===================================================================================================================================================
-----------------------------------

Errors and Warnings while Loading Component : C:\Magic xpi 4.7\runtime\magic xpa\Add_On\UserFunctionality\UserFunctionality.eci (05/02/20 17:50:51)
===================================================================================================================================================
-----------------------------------

Errors and Warnings while Loading Component : C:\Magic xpi 4.7\runtime\magic xpa\Add_On\UserFunctionality\UserFunctionality.eci (05/02/20 17:53:28)
===================================================================================================================================================
-----------------------------------

Errors and Warnings while Loading Component : C:\Magic xpi 4.7\runtime\magic xpa\Add_On\UserFunctionality\UserFunctionality.eci (05/02/20 17:54:57)
===================================================================================================================================================
-----------------------------------

Errors and Warnings while Loading Component : C:\Magic xpi 4.7\runtime\magic xpa\Add_On\UserFunctionality\UserFunctionality.eci (05/02/20 17:56:46)
===================================================================================================================================================
-----------------------------------

Errors and Warnings while Loading Component : C:\Magic xpi 4.7\runtime\magic xpa\Add_On\UserFunctionality\UserFunctionality.eci (05/02/20 17:57:47)
===================================================================================================================================================
-----------------------------------

Errors and Warnings while Loading Component : C:\Magic xpi 4.7\runtime\magic xpa\Add_On\UserFunctionality\UserFunctionality.eci (05/02/20 17:58:47)
===================================================================================================================================================
-----------------------------------

Errors and Warnings while Loading Component : C:\Magic xpi 4.7\runtime\magic xpa\Add_On\UserFunctionality\UserFunctionality.eci (05/02/20 18:06:12)
===================================================================================================================================================
-----------------------------------

Errors and Warnings while Loading Component : D:\XPI\MagicXPI4.9\runtime\magic xpa\Add_On\UserFunctionality\UserFunctionality.eci (30/06/20 18:10:59)
=====================================================================================================================================================
-----------------------------------

Errors and Warnings while Loading Component : D:\XPI\MagicXPI4.9\runtime\magic xpa\Add_On\UserFunctionality\UserFunctionality.eci (30/06/20 18:33:27)
=====================================================================================================================================================
-----------------------------------

Errors and Warnings while Loading Component : D:\XPI\MagicXPI4.9\runtime\magic xpa\Add_On\UserFunctionality\UserFunctionality.eci (30/06/20 18:44:28)
=====================================================================================================================================================
-----------------------------------

Errors and Warnings while Loading Component : D:\XPI\MagicXPI4.9\runtime\magic xpa\Add_On\UserFunctionality\UserFunctionality.eci (30/06/20 18:49:02)
=====================================================================================================================================================
-----------------------------------
